<?xml version="1.0" encoding="UTF-8"?>
<!-- Generated by org.testng.reporters.JUnitReportReporter -->
<testsuite skipped="0" hostname="PUN-WKS-AC422" name="com.testcase.LoginPageTest" tests="1" failures="0" timestamp="21 Oct 2018 16:31:26 GMT" time="22.803" errors="0">
  <testcase name="loginPageTest" time="22.803" classname="com.testcase.LoginPageTest"/>
</testsuite> <!-- com.testcase.LoginPageTest -->
