<?xml version="1.0" encoding="UTF-8"?>
<!-- Generated by org.testng.reporters.JUnitReportReporter -->
<testsuite skipped="0" hostname="PUN-WKS-AC422" name="com.testcase.HomePageTest" tests="3" failures="0" timestamp="21 Oct 2018 16:31:26 GMT" time="155.069" errors="0">
  <testcase name="composeMailTest" time="57.328" classname="com.testcase.HomePageTest"/>
  <testcase name="markAsStartTest" time="44.116" classname="com.testcase.HomePageTest"/>
  <testcase name="opeRecentlySentMailTest" time="53.625" classname="com.testcase.HomePageTest"/>
</testsuite> <!-- com.testcase.HomePageTest -->
